{"/Users/janithwidarshana/MyWorkSpace/Amused-Test/cocktail-db/src/components/Button/index.tsx": {"path":"/Users/janithwidarshana/MyWorkSpace/Amused-Test/cocktail-db/src/components/Button/index.tsx","statementMap":{"0":{"start":{"line":2,"column":0},"end":{"line":2,"column":23}},"1":{"start":{"line":11,"column":38},"end":{"line":18,"column":1}},"2":{"start":{"line":12,"column":2},"end":{"line":17,"column":4}},"3":{"start":{"line":20,"column":0},"end":{"line":20,"column":22}}},"fnMap":{"0":{"name":"(anonymous_0)","decl":{"start":{"line":11,"column":38},"end":{"line":11,"column":39}},"loc":{"start":{"line":11,"column":80},"end":{"line":18,"column":1}}}},"branchMap":{"0":{"loc":{"start":{"line":13,"column":40},"end":{"line":13,"column":66}},"type":"cond-expr","locations":[{"start":{"line":13,"column":51},"end":{"line":13,"column":61}},{"start":{"line":13,"column":64},"end":{"line":13,"column":66}}]},"1":{"loc":{"start":{"line":14,"column":7},"end":{"line":14,"column":58}},"type":"binary-expr","locations":[{"start":{"line":14,"column":7},"end":{"line":14,"column":11}},{"start":{"line":14,"column":15},"end":{"line":14,"column":58}}]}},"s":{"0":5,"1":5,"2":18,"3":5},"f":{"0":18},"b":{"0":[1,17],"1":[18,1]}}
,"/Users/janithwidarshana/MyWorkSpace/Amused-Test/cocktail-db/src/components/CocktailCard/index.tsx": {"path":"/Users/janithwidarshana/MyWorkSpace/Amused-Test/cocktail-db/src/components/CocktailCard/index.tsx","statementMap":{"0":{"start":{"line":1,"column":0},"end":{"line":1,"column":50}},"1":{"start":{"line":4,"column":0},"end":{"line":4,"column":22}},"2":{"start":{"line":5,"column":0},"end":{"line":5,"column":64}},"3":{"start":{"line":6,"column":0},"end":{"line":6,"column":30}},"4":{"start":{"line":7,"column":0},"end":{"line":7,"column":28}},"5":{"start":{"line":15,"column":51},"end":{"line":68,"column":1}},"6":{"start":{"line":16,"column":32},"end":{"line":16,"column":80}},"7":{"start":{"line":17,"column":24},"end":{"line":17,"column":40}},"8":{"start":{"line":18,"column":38},"end":{"line":18,"column":62}},"9":{"start":{"line":20,"column":58},"end":{"line":20,"column":82}},"10":{"start":{"line":22,"column":4},"end":{"line":25,"column":38}},"11":{"start":{"line":23,"column":8},"end":{"line":24,"column":94}},"12":{"start":{"line":24,"column":12},"end":{"line":24,"column":94}},"13":{"start":{"line":24,"column":58},"end":{"line":24,"column":91}},"14":{"start":{"line":27,"column":4},"end":{"line":37,"column":20}},"15":{"start":{"line":28,"column":8},"end":{"line":36,"column":null}},"16":{"start":{"line":29,"column":26},"end":{"line":31,"column":20}},"17":{"start":{"line":30,"column":16},"end":{"line":30,"column":36}},"18":{"start":{"line":33,"column":12},"end":{"line":35,"column":14}},"19":{"start":{"line":34,"column":16},"end":{"line":34,"column":36}},"20":{"start":{"line":39,"column":28},"end":{"line":43,"column":5}},"21":{"start":{"line":40,"column":8},"end":{"line":41,"column":44}},"22":{"start":{"line":41,"column":12},"end":{"line":41,"column":42}},"23":{"start":{"line":42,"column":8},"end":{"line":42,"column":27}},"24":{"start":{"line":45,"column":33},"end":{"line":52,"column":5}},"25":{"start":{"line":46,"column":8},"end":{"line":48,"column":10}},"26":{"start":{"line":47,"column":12},"end":{"line":47,"column":72}},"27":{"start":{"line":47,"column":38},"end":{"line":47,"column":71}},"28":{"start":{"line":49,"column":8},"end":{"line":51,"column":null}},"29":{"start":{"line":50,"column":12},"end":{"line":50,"column":53}},"30":{"start":{"line":54,"column":4},"end":{"line":67,"column":null}},"31":{"start":{"line":62,"column":119},"end":{"line":62,"column":141}},"32":{"start":{"line":64,"column":59},"end":{"line":64,"column":86}},"33":{"start":{"line":70,"column":0},"end":{"line":70,"column":null}}},"fnMap":{"0":{"name":"(anonymous_1)","decl":{"start":{"line":15,"column":51},"end":{"line":15,"column":52}},"loc":{"start":{"line":15,"column":101},"end":{"line":68,"column":1}}},"1":{"name":"(anonymous_2)","decl":{"start":{"line":22,"column":14},"end":{"line":22,"column":17}},"loc":{"start":{"line":22,"column":19},"end":{"line":25,"column":5}}},"2":{"name":"(anonymous_3)","decl":{"start":{"line":24,"column":50},"end":{"line":24,"column":54}},"loc":{"start":{"line":24,"column":58},"end":{"line":24,"column":91}}},"3":{"name":"(anonymous_4)","decl":{"start":{"line":27,"column":14},"end":{"line":27,"column":17}},"loc":{"start":{"line":27,"column":19},"end":{"line":37,"column":5}}},"4":{"name":"(anonymous_5)","decl":{"start":{"line":29,"column":37},"end":{"line":29,"column":40}},"loc":{"start":{"line":29,"column":42},"end":{"line":31,"column":13}}},"5":{"name":"(anonymous_6)","decl":{"start":{"line":33,"column":19},"end":{"line":33,"column":22}},"loc":{"start":{"line":33,"column":24},"end":{"line":35,"column":13}}},"6":{"name":"(anonymous_7)","decl":{"start":{"line":39,"column":28},"end":{"line":39,"column":31}},"loc":{"start":{"line":39,"column":33},"end":{"line":43,"column":5}}},"7":{"name":"(anonymous_8)","decl":{"start":{"line":40,"column":73},"end":{"line":40,"column":74}},"loc":{"start":{"line":41,"column":12},"end":{"line":41,"column":42}}},"8":{"name":"(anonymous_9)","decl":{"start":{"line":45,"column":33},"end":{"line":45,"column":36}},"loc":{"start":{"line":45,"column":38},"end":{"line":52,"column":5}}},"9":{"name":"(anonymous_10)","decl":{"start":{"line":46,"column":73},"end":{"line":46,"column":74}},"loc":{"start":{"line":47,"column":12},"end":{"line":47,"column":72}}},"10":{"name":"(anonymous_11)","decl":{"start":{"line":47,"column":28},"end":{"line":47,"column":29}},"loc":{"start":{"line":47,"column":38},"end":{"line":47,"column":71}}},"11":{"name":"(anonymous_12)","decl":{"start":{"line":62,"column":113},"end":{"line":62,"column":116}},"loc":{"start":{"line":62,"column":119},"end":{"line":62,"column":141}}},"12":{"name":"(anonymous_13)","decl":{"start":{"line":64,"column":53},"end":{"line":64,"column":56}},"loc":{"start":{"line":64,"column":59},"end":{"line":64,"column":86}}}},"branchMap":{"0":{"loc":{"start":{"line":23,"column":8},"end":{"line":24,"column":94}},"type":"if","locations":[{"start":{"line":23,"column":8},"end":{"line":24,"column":94}}]},"1":{"loc":{"start":{"line":28,"column":8},"end":{"line":36,"column":null}},"type":"if","locations":[{"start":{"line":28,"column":8},"end":{"line":36,"column":null}}]},"2":{"loc":{"start":{"line":41,"column":17},"end":{"line":41,"column":30}},"type":"binary-expr","locations":[{"start":{"line":41,"column":17},"end":{"line":41,"column":24}},{"start":{"line":41,"column":28},"end":{"line":41,"column":30}}]},"3":{"loc":{"start":{"line":49,"column":8},"end":{"line":51,"column":null}},"type":"if","locations":[{"start":{"line":49,"column":8},"end":{"line":51,"column":null}}]},"4":{"loc":{"start":{"line":60,"column":13},"end":{"line":60,"column":71}},"type":"cond-expr","locations":[{"start":{"line":60,"column":31},"end":{"line":60,"column":64}},{"start":{"line":60,"column":67},"end":{"line":60,"column":71}}]},"5":{"loc":{"start":{"line":61,"column":13},"end":{"line":63,"column":22}},"type":"cond-expr","locations":[{"start":{"line":62,"column":16},"end":{"line":62,"column":155}},{"start":{"line":63,"column":18},"end":{"line":63,"column":22}}]},"6":{"loc":{"start":{"line":62,"column":16},"end":{"line":62,"column":155}},"type":"cond-expr","locations":[{"start":{"line":62,"column":38},"end":{"line":62,"column":62}},{"start":{"line":62,"column":65},"end":{"line":62,"column":155}}]},"7":{"loc":{"start":{"line":64,"column":13},"end":{"line":64,"column":110}},"type":"cond-expr","locations":[{"start":{"line":64,"column":36},"end":{"line":64,"column":103}},{"start":{"line":64,"column":106},"end":{"line":64,"column":110}}]},"8":{"loc":{"start":{"line":65,"column":13},"end":{"line":65,"column":83}},"type":"binary-expr","locations":[{"start":{"line":65,"column":13},"end":{"line":65,"column":22}},{"start":{"line":65,"column":26},"end":{"line":65,"column":83}}]}},"s":{"0":4,"1":4,"2":4,"3":4,"4":4,"5":4,"6":15,"7":15,"8":15,"9":15,"10":15,"11":10,"12":4,"13":6,"14":15,"15":11,"16":1,"17":0,"18":1,"19":1,"20":15,"21":1,"22":0,"23":1,"24":15,"25":2,"26":1,"27":0,"28":2,"29":1,"30":15,"31":1,"32":2,"33":4},"f":{"0":15,"1":10,"2":6,"3":11,"4":0,"5":1,"6":1,"7":0,"8":2,"9":1,"10":0,"11":1,"12":2},"b":{"0":[4],"1":[1],"2":[0,0],"3":[1],"4":[3,12],"5":[2,13],"6":[0,2],"7":[10,5],"8":[15,1]}}
,"/Users/janithwidarshana/MyWorkSpace/Amused-Test/cocktail-db/src/components/CocktailGrid/index.tsx": {"path":"/Users/janithwidarshana/MyWorkSpace/Amused-Test/cocktail-db/src/components/CocktailGrid/index.tsx","statementMap":{"0":{"start":{"line":1,"column":0},"end":{"line":1,"column":39}},"1":{"start":{"line":2,"column":0},"end":{"line":2,"column":22}},"2":{"start":{"line":4,"column":0},"end":{"line":4,"column":42}},"3":{"start":{"line":5,"column":0},"end":{"line":5,"column":29}},"4":{"start":{"line":14,"column":50},"end":{"line":38,"column":1}},"5":{"start":{"line":15,"column":38},"end":{"line":15,"column":62}},"6":{"start":{"line":16,"column":44},"end":{"line":16,"column":64}},"7":{"start":{"line":18,"column":33},"end":{"line":22,"column":5}},"8":{"start":{"line":20,"column":8},"end":{"line":20,"column":65}},"9":{"start":{"line":21,"column":8},"end":{"line":21,"column":27}},"10":{"start":{"line":23,"column":4},"end":{"line":37,"column":null}},"11":{"start":{"line":27,"column":10},"end":{"line":29,"column":null}},"12":{"start":{"line":31,"column":44},"end":{"line":31,"column":76}},"13":{"start":{"line":40,"column":0},"end":{"line":40,"column":null}}},"fnMap":{"0":{"name":"(anonymous_1)","decl":{"start":{"line":14,"column":50},"end":{"line":14,"column":51}},"loc":{"start":{"line":14,"column":74},"end":{"line":38,"column":1}}},"1":{"name":"(anonymous_2)","decl":{"start":{"line":18,"column":33},"end":{"line":18,"column":34}},"loc":{"start":{"line":18,"column":57},"end":{"line":22,"column":5}}},"2":{"name":"(anonymous_3)","decl":{"start":{"line":26,"column":23},"end":{"line":26,"column":24}},"loc":{"start":{"line":27,"column":10},"end":{"line":29,"column":null}}},"3":{"name":"(anonymous_4)","decl":{"start":{"line":31,"column":39},"end":{"line":31,"column":41}},"loc":{"start":{"line":31,"column":44},"end":{"line":31,"column":76}}}},"branchMap":{"0":{"loc":{"start":{"line":35,"column":7},"end":{"line":35,"column":52}},"type":"binary-expr","locations":[{"start":{"line":35,"column":7},"end":{"line":35,"column":16}},{"start":{"line":35,"column":20},"end":{"line":35,"column":52}}]}},"s":{"0":2,"1":2,"2":2,"3":2,"4":2,"5":2,"6":2,"7":2,"8":0,"9":0,"10":2,"11":4,"12":0,"13":2},"f":{"0":2,"1":0,"2":4,"3":0},"b":{"0":[2,0]}}
,"/Users/janithwidarshana/MyWorkSpace/Amused-Test/cocktail-db/src/components/Header/index.tsx": {"path":"/Users/janithwidarshana/MyWorkSpace/Amused-Test/cocktail-db/src/components/Header/index.tsx","statementMap":{"0":{"start":{"line":1,"column":0},"end":{"line":1,"column":50}},"1":{"start":{"line":2,"column":0},"end":{"line":2,"column":60}},"2":{"start":{"line":4,"column":0},"end":{"line":4,"column":22}},"3":{"start":{"line":5,"column":0},"end":{"line":5,"column":49}},"4":{"start":{"line":8,"column":25},"end":{"line":57,"column":1}},"5":{"start":{"line":9,"column":30},"end":{"line":9,"column":78}},"6":{"start":{"line":10,"column":19},"end":{"line":10,"column":32}},"7":{"start":{"line":11,"column":19},"end":{"line":11,"column":32}},"8":{"start":{"line":12,"column":44},"end":{"line":12,"column":59}},"9":{"start":{"line":15,"column":2},"end":{"line":24,"column":9}},"10":{"start":{"line":16,"column":25},"end":{"line":18,"column":5}},"11":{"start":{"line":17,"column":6},"end":{"line":17,"column":47}},"12":{"start":{"line":20,"column":4},"end":{"line":20,"column":52}},"13":{"start":{"line":21,"column":4},"end":{"line":23,"column":6}},"14":{"start":{"line":22,"column":6},"end":{"line":22,"column":57}},"15":{"start":{"line":26,"column":19},"end":{"line":28,"column":3}},"16":{"start":{"line":27,"column":4},"end":{"line":27,"column":38}},"17":{"start":{"line":30,"column":2},"end":{"line":56,"column":4}},"18":{"start":{"line":38,"column":25},"end":{"line":38,"column":38}},"19":{"start":{"line":44,"column":25},"end":{"line":44,"column":44}},"20":{"start":{"line":50,"column":25},"end":{"line":50,"column":47}},"21":{"start":{"line":59,"column":0},"end":{"line":59,"column":22}}},"fnMap":{"0":{"name":"(anonymous_0)","decl":{"start":{"line":8,"column":25},"end":{"line":8,"column":28}},"loc":{"start":{"line":8,"column":30},"end":{"line":57,"column":1}}},"1":{"name":"(anonymous_1)","decl":{"start":{"line":15,"column":12},"end":{"line":15,"column":15}},"loc":{"start":{"line":15,"column":17},"end":{"line":24,"column":3}}},"2":{"name":"(anonymous_2)","decl":{"start":{"line":16,"column":25},"end":{"line":16,"column":28}},"loc":{"start":{"line":16,"column":30},"end":{"line":18,"column":5}}},"3":{"name":"(anonymous_3)","decl":{"start":{"line":21,"column":11},"end":{"line":21,"column":14}},"loc":{"start":{"line":21,"column":16},"end":{"line":23,"column":5}}},"4":{"name":"(anonymous_4)","decl":{"start":{"line":26,"column":19},"end":{"line":26,"column":20}},"loc":{"start":{"line":26,"column":45},"end":{"line":28,"column":3}}},"5":{"name":"(anonymous_5)","decl":{"start":{"line":38,"column":19},"end":{"line":38,"column":22}},"loc":{"start":{"line":38,"column":25},"end":{"line":38,"column":38}}},"6":{"name":"(anonymous_6)","decl":{"start":{"line":44,"column":19},"end":{"line":44,"column":22}},"loc":{"start":{"line":44,"column":25},"end":{"line":44,"column":44}}},"7":{"name":"(anonymous_7)","decl":{"start":{"line":50,"column":19},"end":{"line":50,"column":22}},"loc":{"start":{"line":50,"column":25},"end":{"line":50,"column":47}}}},"branchMap":{"0":{"loc":{"start":{"line":31,"column":54},"end":{"line":31,"column":82}},"type":"cond-expr","locations":[{"start":{"line":31,"column":70},"end":{"line":31,"column":77}},{"start":{"line":31,"column":80},"end":{"line":31,"column":82}}]},"1":{"loc":{"start":{"line":37,"column":33},"end":{"line":37,"column":62}},"type":"cond-expr","locations":[{"start":{"line":37,"column":49},"end":{"line":37,"column":57}},{"start":{"line":37,"column":60},"end":{"line":37,"column":62}}]},"2":{"loc":{"start":{"line":43,"column":33},"end":{"line":43,"column":68}},"type":"cond-expr","locations":[{"start":{"line":43,"column":55},"end":{"line":43,"column":63}},{"start":{"line":43,"column":66},"end":{"line":43,"column":68}}]},"3":{"loc":{"start":{"line":49,"column":33},"end":{"line":49,"column":71}},"type":"cond-expr","locations":[{"start":{"line":49,"column":58},"end":{"line":49,"column":66}},{"start":{"line":49,"column":69},"end":{"line":49,"column":71}}]}},"s":{"0":1,"1":1,"2":1,"3":1,"4":1,"5":1,"6":1,"7":1,"8":1,"9":1,"10":1,"11":0,"12":1,"13":1,"14":1,"15":1,"16":3,"17":1,"18":0,"19":0,"20":0,"21":1},"f":{"0":1,"1":1,"2":0,"3":1,"4":3,"5":0,"6":0,"7":0},"b":{"0":[0,1],"1":[1,0],"2":[0,1],"3":[0,1]}}
,"/Users/janithwidarshana/MyWorkSpace/Amused-Test/cocktail-db/src/components/Layout/index.tsx": {"path":"/Users/janithwidarshana/MyWorkSpace/Amused-Test/cocktail-db/src/components/Layout/index.tsx","statementMap":{"0":{"start":{"line":2,"column":0},"end":{"line":2,"column":30}},"1":{"start":{"line":8,"column":40},"end":{"line":15,"column":1}},"2":{"start":{"line":9,"column":4},"end":{"line":14,"column":null}},"3":{"start":{"line":17,"column":0},"end":{"line":17,"column":null}}},"fnMap":{"0":{"name":"(anonymous_1)","decl":{"start":{"line":8,"column":40},"end":{"line":8,"column":41}},"loc":{"start":{"line":8,"column":57},"end":{"line":15,"column":1}}}},"branchMap":{},"s":{"0":3,"1":3,"2":5,"3":3},"f":{"0":5},"b":{}}
,"/Users/janithwidarshana/MyWorkSpace/Amused-Test/cocktail-db/src/components/LoadingSpinner/index.tsx": {"path":"/Users/janithwidarshana/MyWorkSpace/Amused-Test/cocktail-db/src/components/LoadingSpinner/index.tsx","statementMap":{"0":{"start":{"line":2,"column":0},"end":{"line":2,"column":23}},"1":{"start":{"line":4,"column":33},"end":{"line":10,"column":1}},"2":{"start":{"line":5,"column":4},"end":{"line":9,"column":6}},"3":{"start":{"line":12,"column":0},"end":{"line":12,"column":30}}},"fnMap":{"0":{"name":"(anonymous_0)","decl":{"start":{"line":4,"column":33},"end":{"line":4,"column":36}},"loc":{"start":{"line":4,"column":38},"end":{"line":10,"column":1}}}},"branchMap":{},"s":{"0":1,"1":1,"2":2,"3":1},"f":{"0":2},"b":{}}
,"/Users/janithwidarshana/MyWorkSpace/Amused-Test/cocktail-db/src/components/Toast/index.tsx": {"path":"/Users/janithwidarshana/MyWorkSpace/Amused-Test/cocktail-db/src/components/Toast/index.tsx","statementMap":{"0":{"start":{"line":1,"column":0},"end":{"line":1,"column":51}},"1":{"start":{"line":2,"column":0},"end":{"line":2,"column":22}},"2":{"start":{"line":9,"column":36},"end":{"line":33,"column":1}},"3":{"start":{"line":10,"column":32},"end":{"line":10,"column":47}},"4":{"start":{"line":12,"column":2},"end":{"line":22,"column":17}},"5":{"start":{"line":13,"column":4},"end":{"line":13,"column":21}},"6":{"start":{"line":15,"column":18},"end":{"line":17,"column":16}},"7":{"start":{"line":16,"column":6},"end":{"line":16,"column":24}},"8":{"start":{"line":19,"column":4},"end":{"line":21,"column":6}},"9":{"start":{"line":20,"column":6},"end":{"line":20,"column":26}},"10":{"start":{"line":24,"column":2},"end":{"line":26,"column":null}},"11":{"start":{"line":25,"column":4},"end":{"line":25,"column":16}},"12":{"start":{"line":28,"column":2},"end":{"line":32,"column":4}},"13":{"start":{"line":35,"column":0},"end":{"line":35,"column":21}}},"fnMap":{"0":{"name":"(anonymous_0)","decl":{"start":{"line":9,"column":36},"end":{"line":9,"column":37}},"loc":{"start":{"line":9,"column":69},"end":{"line":33,"column":1}}},"1":{"name":"(anonymous_1)","decl":{"start":{"line":12,"column":12},"end":{"line":12,"column":15}},"loc":{"start":{"line":12,"column":17},"end":{"line":22,"column":3}}},"2":{"name":"(anonymous_2)","decl":{"start":{"line":15,"column":29},"end":{"line":15,"column":32}},"loc":{"start":{"line":15,"column":34},"end":{"line":17,"column":5}}},"3":{"name":"(anonymous_3)","decl":{"start":{"line":19,"column":11},"end":{"line":19,"column":14}},"loc":{"start":{"line":19,"column":16},"end":{"line":21,"column":5}}}},"branchMap":{"0":{"loc":{"start":{"line":9,"column":48},"end":{"line":9,"column":63}},"type":"default-arg","locations":[{"start":{"line":9,"column":59},"end":{"line":9,"column":63}}]},"1":{"loc":{"start":{"line":24,"column":2},"end":{"line":26,"column":null}},"type":"if","locations":[{"start":{"line":24,"column":2},"end":{"line":26,"column":null}}]}},"s":{"0":5,"1":5,"2":5,"3":4,"4":4,"5":2,"6":2,"7":0,"8":2,"9":2,"10":4,"11":2,"12":2,"13":5},"f":{"0":4,"1":2,"2":0,"3":2},"b":{"0":[4],"1":[2]}}
,"/Users/janithwidarshana/MyWorkSpace/Amused-Test/cocktail-db/src/pages/Favorites/index.tsx": {"path":"/Users/janithwidarshana/MyWorkSpace/Amused-Test/cocktail-db/src/pages/Favorites/index.tsx","statementMap":{"0":{"start":{"line":2,"column":0},"end":{"line":2,"column":44}},"1":{"start":{"line":3,"column":0},"end":{"line":3,"column":49}},"2":{"start":{"line":5,"column":0},"end":{"line":5,"column":57}},"3":{"start":{"line":7,"column":28},"end":{"line":17,"column":1}},"4":{"start":{"line":9,"column":32},"end":{"line":9,"column":80}},"5":{"start":{"line":10,"column":4},"end":{"line":16,"column":null}},"6":{"start":{"line":19,"column":0},"end":{"line":19,"column":null}}},"fnMap":{"0":{"name":"(anonymous_1)","decl":{"start":{"line":7,"column":28},"end":{"line":7,"column":31}},"loc":{"start":{"line":7,"column":33},"end":{"line":17,"column":1}}}},"branchMap":{"0":{"loc":{"start":{"line":13,"column":13},"end":{"line":13,"column":88}},"type":"cond-expr","locations":[{"start":{"line":13,"column":25},"end":{"line":13,"column":81}},{"start":{"line":13,"column":84},"end":{"line":13,"column":88}}]}},"s":{"0":1,"1":1,"2":1,"3":1,"4":2,"5":2,"6":1},"f":{"0":2},"b":{"0":[2,0]}}
,"/Users/janithwidarshana/MyWorkSpace/Amused-Test/cocktail-db/src/pages/Home/index.tsx": {"path":"/Users/janithwidarshana/MyWorkSpace/Amused-Test/cocktail-db/src/pages/Home/index.tsx","statementMap":{"0":{"start":{"line":2,"column":0},"end":{"line":2,"column":65}},"1":{"start":{"line":4,"column":0},"end":{"line":4,"column":78}},"2":{"start":{"line":5,"column":0},"end":{"line":5,"column":57}},"3":{"start":{"line":6,"column":0},"end":{"line":6,"column":45}},"4":{"start":{"line":7,"column":0},"end":{"line":7,"column":45}},"5":{"start":{"line":8,"column":0},"end":{"line":8,"column":61}},"6":{"start":{"line":10,"column":23},"end":{"line":51,"column":1}},"7":{"start":{"line":12,"column":28},"end":{"line":18,"column":3}},"8":{"start":{"line":13,"column":4},"end":{"line":17,"column":null}},"9":{"start":{"line":20,"column":46},"end":{"line":20,"column":65}},"10":{"start":{"line":21,"column":21},"end":{"line":21,"column":26}},"11":{"start":{"line":23,"column":22},"end":{"line":26,"column":3}},"12":{"start":{"line":24,"column":4},"end":{"line":24,"column":null}},"13":{"start":{"line":25,"column":4},"end":{"line":25,"column":20}},"14":{"start":{"line":28,"column":2},"end":{"line":30,"column":null}},"15":{"start":{"line":29,"column":4},"end":{"line":29,"column":null}},"16":{"start":{"line":32,"column":2},"end":{"line":34,"column":null}},"17":{"start":{"line":33,"column":4},"end":{"line":33,"column":null}},"18":{"start":{"line":36,"column":2},"end":{"line":42,"column":null}},"19":{"start":{"line":37,"column":4},"end":{"line":39,"column":null}},"20":{"start":{"line":41,"column":4},"end":{"line":41,"column":null}},"21":{"start":{"line":44,"column":2},"end":{"line":50,"column":null}},"22":{"start":{"line":47,"column":29},"end":{"line":47,"column":47}},"23":{"start":{"line":53,"column":0},"end":{"line":53,"column":null}}},"fnMap":{"0":{"name":"(anonymous_1)","decl":{"start":{"line":10,"column":23},"end":{"line":10,"column":26}},"loc":{"start":{"line":10,"column":28},"end":{"line":51,"column":1}}},"1":{"name":"(anonymous_2)","decl":{"start":{"line":12,"column":28},"end":{"line":12,"column":74}},"loc":{"start":{"line":12,"column":76},"end":{"line":18,"column":3}}},"2":{"name":"(anonymous_3)","decl":{"start":{"line":23,"column":22},"end":{"line":23,"column":27}},"loc":{"start":{"line":23,"column":48},"end":{"line":26,"column":3}}},"3":{"name":"(anonymous_4)","decl":{"start":{"line":47,"column":23},"end":{"line":47,"column":26}},"loc":{"start":{"line":47,"column":29},"end":{"line":47,"column":47}}}},"branchMap":{"0":{"loc":{"start":{"line":28,"column":2},"end":{"line":30,"column":null}},"type":"if","locations":[{"start":{"line":28,"column":2},"end":{"line":30,"column":null}}]},"1":{"loc":{"start":{"line":32,"column":2},"end":{"line":34,"column":null}},"type":"if","locations":[{"start":{"line":32,"column":2},"end":{"line":34,"column":null}}]},"2":{"loc":{"start":{"line":36,"column":2},"end":{"line":42,"column":null}},"type":"if","locations":[{"start":{"line":36,"column":2},"end":{"line":42,"column":null}},{"start":{"line":40,"column":9},"end":{"line":42,"column":null}}]}},"s":{"0":1,"1":1,"2":1,"3":1,"4":1,"5":1,"6":1,"7":2,"8":2,"9":2,"10":2,"11":2,"12":0,"13":0,"14":2,"15":2,"16":2,"17":0,"18":2,"19":0,"20":2,"21":2,"22":0,"23":1},"f":{"0":2,"1":2,"2":0,"3":0},"b":{"0":[2],"1":[0],"2":[0,2]}}
,"/Users/janithwidarshana/MyWorkSpace/Amused-Test/cocktail-db/src/services/cocktail-db-api.ts": {"path":"/Users/janithwidarshana/MyWorkSpace/Amused-Test/cocktail-db/src/services/cocktail-db-api.ts","statementMap":{"0":{"start":{"line":1,"column":0},"end":{"line":1,"column":45}},"1":{"start":{"line":6,"column":16},"end":{"line":6,"column":17}},"2":{"start":{"line":7,"column":21},"end":{"line":7,"column":75}},"3":{"start":{"line":9,"column":37},"end":{"line":14,"column":2}},"4":{"start":{"line":16,"column":0},"end":{"line":22,"column":2}},"5":{"start":{"line":17,"column":18},"end":{"line":17,"column":26}},"6":{"start":{"line":19,"column":8},"end":{"line":19,"column":51}},"7":{"start":{"line":20,"column":8},"end":{"line":20,"column":37}},"8":{"start":{"line":28,"column":44},"end":{"line":49,"column":1}},"9":{"start":{"line":29,"column":4},"end":{"line":46,"column":11}},"10":{"start":{"line":37,"column":12},"end":{"line":43,"column":null}},"11":{"start":{"line":45,"column":12},"end":{"line":45,"column":32}},"12":{"start":{"line":28,"column":13},"end":{"line":28,"column":44}},"13":{"start":{"line":51,"column":36},"end":{"line":54,"column":1}},"14":{"start":{"line":52,"column":16},"end":{"line":52,"column":88}},"15":{"start":{"line":53,"column":4},"end":{"line":53,"column":20}},"16":{"start":{"line":51,"column":13},"end":{"line":51,"column":36}}},"fnMap":{"0":{"name":"(anonymous_1)","decl":{"start":{"line":17,"column":4},"end":{"line":17,"column":5}},"loc":{"start":{"line":17,"column":18},"end":{"line":17,"column":26}}},"1":{"name":"(anonymous_2)","decl":{"start":{"line":18,"column":4},"end":{"line":18,"column":5}},"loc":{"start":{"line":18,"column":14},"end":{"line":21,"column":5}}},"2":{"name":"(anonymous_3)","decl":{"start":{"line":28,"column":44},"end":{"line":28,"column":76}},"loc":{"start":{"line":28,"column":78},"end":{"line":49,"column":1}}},"3":{"name":"(anonymous_4)","decl":{"start":{"line":36,"column":27},"end":{"line":36,"column":28}},"loc":{"start":{"line":36,"column":60},"end":{"line":44,"column":9}}},"4":{"name":"(anonymous_5)","decl":{"start":{"line":44,"column":18},"end":{"line":44,"column":24}},"loc":{"start":{"line":44,"column":27},"end":{"line":46,"column":9}}},"5":{"name":"(anonymous_6)","decl":{"start":{"line":51,"column":36},"end":{"line":51,"column":41}},"loc":{"start":{"line":51,"column":93},"end":{"line":54,"column":1}}}},"branchMap":{},"s":{"0":1,"1":1,"2":1,"3":1,"4":1,"5":0,"6":0,"7":0,"8":1,"9":1,"10":0,"11":0,"12":1,"13":1,"14":0,"15":0,"16":1},"f":{"0":0,"1":0,"2":1,"3":0,"4":0,"5":0},"b":{}}
}
