{"/Users/janithwidarshana/MyWorkSpace/Amused-Test/cocktail-db copy/src/components/Button/index.tsx": {"path":"/Users/janithwidarshana/MyWorkSpace/Amused-Test/cocktail-db copy/src/components/Button/index.tsx","statementMap":{"0":{"start":{"line":2,"column":0},"end":{"line":2,"column":23}},"1":{"start":{"line":11,"column":38},"end":{"line":18,"column":1}},"2":{"start":{"line":12,"column":2},"end":{"line":17,"column":4}},"3":{"start":{"line":20,"column":0},"end":{"line":20,"column":22}}},"fnMap":{"0":{"name":"(anonymous_0)","decl":{"start":{"line":11,"column":38},"end":{"line":11,"column":39}},"loc":{"start":{"line":11,"column":80},"end":{"line":18,"column":1}}}},"branchMap":{"0":{"loc":{"start":{"line":13,"column":40},"end":{"line":13,"column":66}},"type":"cond-expr","locations":[{"start":{"line":13,"column":51},"end":{"line":13,"column":61}},{"start":{"line":13,"column":64},"end":{"line":13,"column":66}}]},"1":{"loc":{"start":{"line":14,"column":7},"end":{"line":14,"column":58}},"type":"binary-expr","locations":[{"start":{"line":14,"column":7},"end":{"line":14,"column":11}},{"start":{"line":14,"column":15},"end":{"line":14,"column":58}}]}},"s":{"0":3,"1":3,"2":4,"3":3},"f":{"0":4},"b":{"0":[1,3],"1":[4,1]}}
,"/Users/janithwidarshana/MyWorkSpace/Amused-Test/cocktail-db copy/src/components/CocktailCard/index.tsx": {"path":"/Users/janithwidarshana/MyWorkSpace/Amused-Test/cocktail-db copy/src/components/CocktailCard/index.tsx","statementMap":{"0":{"start":{"line":1,"column":0},"end":{"line":1,"column":50}},"1":{"start":{"line":3,"column":0},"end":{"line":3,"column":72}},"2":{"start":{"line":4,"column":0},"end":{"line":4,"column":70}},"3":{"start":{"line":6,"column":0},"end":{"line":6,"column":22}},"4":{"start":{"line":7,"column":0},"end":{"line":7,"column":64}},"5":{"start":{"line":8,"column":0},"end":{"line":8,"column":30}},"6":{"start":{"line":9,"column":0},"end":{"line":9,"column":28}},"7":{"start":{"line":17,"column":51},"end":{"line":82,"column":1}},"8":{"start":{"line":18,"column":32},"end":{"line":18,"column":80}},"9":{"start":{"line":19,"column":24},"end":{"line":19,"column":40}},"10":{"start":{"line":20,"column":38},"end":{"line":20,"column":62}},"11":{"start":{"line":22,"column":58},"end":{"line":22,"column":82}},"12":{"start":{"line":24,"column":4},"end":{"line":27,"column":38}},"13":{"start":{"line":25,"column":8},"end":{"line":26,"column":94}},"14":{"start":{"line":26,"column":12},"end":{"line":26,"column":94}},"15":{"start":{"line":26,"column":58},"end":{"line":26,"column":91}},"16":{"start":{"line":29,"column":4},"end":{"line":39,"column":20}},"17":{"start":{"line":30,"column":8},"end":{"line":38,"column":null}},"18":{"start":{"line":31,"column":26},"end":{"line":33,"column":20}},"19":{"start":{"line":32,"column":16},"end":{"line":32,"column":36}},"20":{"start":{"line":35,"column":12},"end":{"line":37,"column":14}},"21":{"start":{"line":36,"column":16},"end":{"line":36,"column":36}},"22":{"start":{"line":41,"column":28},"end":{"line":45,"column":5}},"23":{"start":{"line":42,"column":8},"end":{"line":43,"column":44}},"24":{"start":{"line":43,"column":12},"end":{"line":43,"column":42}},"25":{"start":{"line":44,"column":8},"end":{"line":44,"column":27}},"26":{"start":{"line":47,"column":33},"end":{"line":54,"column":5}},"27":{"start":{"line":48,"column":8},"end":{"line":50,"column":10}},"28":{"start":{"line":49,"column":12},"end":{"line":49,"column":72}},"29":{"start":{"line":49,"column":38},"end":{"line":49,"column":71}},"30":{"start":{"line":51,"column":8},"end":{"line":53,"column":null}},"31":{"start":{"line":52,"column":12},"end":{"line":52,"column":53}},"32":{"start":{"line":56,"column":4},"end":{"line":81,"column":null}},"33":{"start":{"line":65,"column":97},"end":{"line":65,"column":119}},"34":{"start":{"line":73,"column":39},"end":{"line":73,"column":66}},"35":{"start":{"line":84,"column":0},"end":{"line":84,"column":null}}},"fnMap":{"0":{"name":"(anonymous_1)","decl":{"start":{"line":17,"column":51},"end":{"line":17,"column":52}},"loc":{"start":{"line":17,"column":101},"end":{"line":82,"column":1}}},"1":{"name":"(anonymous_2)","decl":{"start":{"line":24,"column":14},"end":{"line":24,"column":17}},"loc":{"start":{"line":24,"column":19},"end":{"line":27,"column":5}}},"2":{"name":"(anonymous_3)","decl":{"start":{"line":26,"column":50},"end":{"line":26,"column":54}},"loc":{"start":{"line":26,"column":58},"end":{"line":26,"column":91}}},"3":{"name":"(anonymous_4)","decl":{"start":{"line":29,"column":14},"end":{"line":29,"column":17}},"loc":{"start":{"line":29,"column":19},"end":{"line":39,"column":5}}},"4":{"name":"(anonymous_5)","decl":{"start":{"line":31,"column":37},"end":{"line":31,"column":40}},"loc":{"start":{"line":31,"column":42},"end":{"line":33,"column":13}}},"5":{"name":"(anonymous_6)","decl":{"start":{"line":35,"column":19},"end":{"line":35,"column":22}},"loc":{"start":{"line":35,"column":24},"end":{"line":37,"column":13}}},"6":{"name":"(anonymous_7)","decl":{"start":{"line":41,"column":28},"end":{"line":41,"column":31}},"loc":{"start":{"line":41,"column":33},"end":{"line":45,"column":5}}},"7":{"name":"(anonymous_8)","decl":{"start":{"line":42,"column":73},"end":{"line":42,"column":74}},"loc":{"start":{"line":43,"column":12},"end":{"line":43,"column":42}}},"8":{"name":"(anonymous_9)","decl":{"start":{"line":47,"column":33},"end":{"line":47,"column":36}},"loc":{"start":{"line":47,"column":38},"end":{"line":54,"column":5}}},"9":{"name":"(anonymous_10)","decl":{"start":{"line":48,"column":73},"end":{"line":48,"column":74}},"loc":{"start":{"line":49,"column":12},"end":{"line":49,"column":72}}},"10":{"name":"(anonymous_11)","decl":{"start":{"line":49,"column":28},"end":{"line":49,"column":29}},"loc":{"start":{"line":49,"column":38},"end":{"line":49,"column":71}}},"11":{"name":"(anonymous_12)","decl":{"start":{"line":65,"column":91},"end":{"line":65,"column":94}},"loc":{"start":{"line":65,"column":97},"end":{"line":65,"column":119}}},"12":{"name":"(anonymous_13)","decl":{"start":{"line":73,"column":33},"end":{"line":73,"column":36}},"loc":{"start":{"line":73,"column":39},"end":{"line":73,"column":66}}}},"branchMap":{"0":{"loc":{"start":{"line":25,"column":8},"end":{"line":26,"column":94}},"type":"if","locations":[{"start":{"line":25,"column":8},"end":{"line":26,"column":94}}]},"1":{"loc":{"start":{"line":30,"column":8},"end":{"line":38,"column":null}},"type":"if","locations":[{"start":{"line":30,"column":8},"end":{"line":38,"column":null}}]},"2":{"loc":{"start":{"line":43,"column":17},"end":{"line":43,"column":30}},"type":"binary-expr","locations":[{"start":{"line":43,"column":17},"end":{"line":43,"column":24}},{"start":{"line":43,"column":28},"end":{"line":43,"column":30}}]},"3":{"loc":{"start":{"line":51,"column":8},"end":{"line":53,"column":null}},"type":"if","locations":[{"start":{"line":51,"column":8},"end":{"line":53,"column":null}}]},"4":{"loc":{"start":{"line":62,"column":13},"end":{"line":62,"column":94}},"type":"cond-expr","locations":[{"start":{"line":62,"column":31},"end":{"line":62,"column":87}},{"start":{"line":62,"column":90},"end":{"line":62,"column":94}}]},"5":{"loc":{"start":{"line":63,"column":13},"end":{"line":71,"column":22}},"type":"cond-expr","locations":[{"start":{"line":64,"column":16},"end":{"line":69,"column":null}},{"start":{"line":71,"column":18},"end":{"line":71,"column":22}}]},"6":{"loc":{"start":{"line":64,"column":16},"end":{"line":69,"column":null}},"type":"cond-expr","locations":[{"start":{"line":64,"column":38},"end":{"line":64,"column":92}},{"start":{"line":65,"column":20},"end":{"line":69,"column":null}}]},"7":{"loc":{"start":{"line":72,"column":13},"end":{"line":78,"column":32}},"type":"cond-expr","locations":[{"start":{"line":73,"column":16},"end":{"line":77,"column":null}},{"start":{"line":78,"column":28},"end":{"line":78,"column":32}}]},"8":{"loc":{"start":{"line":79,"column":13},"end":{"line":79,"column":95}},"type":"binary-expr","locations":[{"start":{"line":79,"column":13},"end":{"line":79,"column":22}},{"start":{"line":79,"column":26},"end":{"line":79,"column":95}}]}},"s":{"0":2,"1":2,"2":2,"3":2,"4":2,"5":2,"6":2,"7":2,"8":2,"9":2,"10":2,"11":2,"12":2,"13":2,"14":1,"15":0,"16":2,"17":2,"18":0,"19":0,"20":0,"21":0,"22":2,"23":0,"24":0,"25":0,"26":2,"27":0,"28":0,"29":0,"30":0,"31":0,"32":2,"33":0,"34":0,"35":2},"f":{"0":2,"1":2,"2":0,"3":2,"4":0,"5":0,"6":0,"7":0,"8":0,"9":0,"10":0,"11":0,"12":0},"b":{"0":[1],"1":[0],"2":[0,0],"3":[0],"4":[2,0],"5":[0,2],"6":[0,0],"7":[0,2],"8":[2,0]}}
,"/Users/janithwidarshana/MyWorkSpace/Amused-Test/cocktail-db copy/src/components/Layout/index.tsx": {"path":"/Users/janithwidarshana/MyWorkSpace/Amused-Test/cocktail-db copy/src/components/Layout/index.tsx","statementMap":{"0":{"start":{"line":2,"column":0},"end":{"line":2,"column":30}},"1":{"start":{"line":8,"column":40},"end":{"line":15,"column":1}},"2":{"start":{"line":9,"column":4},"end":{"line":14,"column":null}},"3":{"start":{"line":17,"column":0},"end":{"line":17,"column":null}}},"fnMap":{"0":{"name":"(anonymous_1)","decl":{"start":{"line":8,"column":40},"end":{"line":8,"column":41}},"loc":{"start":{"line":8,"column":57},"end":{"line":15,"column":1}}}},"branchMap":{},"s":{"0":1,"1":1,"2":1,"3":1},"f":{"0":1},"b":{}}
,"/Users/janithwidarshana/MyWorkSpace/Amused-Test/cocktail-db copy/src/components/LoadingSpinner/index.tsx": {"path":"/Users/janithwidarshana/MyWorkSpace/Amused-Test/cocktail-db copy/src/components/LoadingSpinner/index.tsx","statementMap":{"0":{"start":{"line":2,"column":0},"end":{"line":2,"column":23}},"1":{"start":{"line":4,"column":33},"end":{"line":10,"column":1}},"2":{"start":{"line":5,"column":4},"end":{"line":9,"column":6}},"3":{"start":{"line":12,"column":0},"end":{"line":12,"column":30}}},"fnMap":{"0":{"name":"(anonymous_0)","decl":{"start":{"line":4,"column":33},"end":{"line":4,"column":36}},"loc":{"start":{"line":4,"column":38},"end":{"line":10,"column":1}}}},"branchMap":{},"s":{"0":1,"1":1,"2":2,"3":1},"f":{"0":2},"b":{}}
,"/Users/janithwidarshana/MyWorkSpace/Amused-Test/cocktail-db copy/src/components/Toast/index.tsx": {"path":"/Users/janithwidarshana/MyWorkSpace/Amused-Test/cocktail-db copy/src/components/Toast/index.tsx","statementMap":{"0":{"start":{"line":1,"column":0},"end":{"line":1,"column":51}},"1":{"start":{"line":2,"column":0},"end":{"line":2,"column":22}},"2":{"start":{"line":9,"column":36},"end":{"line":33,"column":1}},"3":{"start":{"line":10,"column":32},"end":{"line":10,"column":47}},"4":{"start":{"line":12,"column":2},"end":{"line":22,"column":17}},"5":{"start":{"line":13,"column":4},"end":{"line":13,"column":21}},"6":{"start":{"line":15,"column":18},"end":{"line":17,"column":16}},"7":{"start":{"line":16,"column":6},"end":{"line":16,"column":24}},"8":{"start":{"line":19,"column":4},"end":{"line":21,"column":6}},"9":{"start":{"line":20,"column":6},"end":{"line":20,"column":26}},"10":{"start":{"line":24,"column":2},"end":{"line":26,"column":null}},"11":{"start":{"line":25,"column":4},"end":{"line":25,"column":16}},"12":{"start":{"line":28,"column":2},"end":{"line":32,"column":4}},"13":{"start":{"line":35,"column":0},"end":{"line":35,"column":21}}},"fnMap":{"0":{"name":"(anonymous_0)","decl":{"start":{"line":9,"column":36},"end":{"line":9,"column":37}},"loc":{"start":{"line":9,"column":69},"end":{"line":33,"column":1}}},"1":{"name":"(anonymous_1)","decl":{"start":{"line":12,"column":12},"end":{"line":12,"column":15}},"loc":{"start":{"line":12,"column":17},"end":{"line":22,"column":3}}},"2":{"name":"(anonymous_2)","decl":{"start":{"line":15,"column":29},"end":{"line":15,"column":32}},"loc":{"start":{"line":15,"column":34},"end":{"line":17,"column":5}}},"3":{"name":"(anonymous_3)","decl":{"start":{"line":19,"column":11},"end":{"line":19,"column":14}},"loc":{"start":{"line":19,"column":16},"end":{"line":21,"column":5}}}},"branchMap":{"0":{"loc":{"start":{"line":9,"column":48},"end":{"line":9,"column":63}},"type":"default-arg","locations":[{"start":{"line":9,"column":59},"end":{"line":9,"column":63}}]},"1":{"loc":{"start":{"line":24,"column":2},"end":{"line":26,"column":null}},"type":"if","locations":[{"start":{"line":24,"column":2},"end":{"line":26,"column":null}}]}},"s":{"0":3,"1":3,"2":3,"3":2,"4":2,"5":1,"6":1,"7":0,"8":1,"9":1,"10":2,"11":1,"12":1,"13":3},"f":{"0":2,"1":1,"2":0,"3":1},"b":{"0":[2],"1":[1]}}
}
