TN:
SF:src/components/Button/index.tsx
FN:11,(anonymous_0)
FNF:1
FNH:1
FNDA:4,(anonymous_0)
DA:2,3
DA:11,3
DA:12,4
DA:20,3
LF:4
LH:4
BRDA:13,0,0,1
BRDA:13,0,1,3
BRDA:14,1,0,4
BRDA:14,1,1,1
BRF:4
BRH:4
end_of_record
TN:
SF:src/components/CocktailCard/index.tsx
FN:17,(anonymous_1)
FN:24,(anonymous_2)
FN:26,(anonymous_3)
FN:29,(anonymous_4)
FN:31,(anonymous_5)
FN:35,(anonymous_6)
FN:41,(anonymous_7)
FN:42,(anonymous_8)
FN:47,(anonymous_9)
FN:48,(anonymous_10)
FN:49,(anonymous_11)
FN:65,(anonymous_12)
FN:73,(anonymous_13)
FNF:13
FNH:3
FNDA:2,(anonymous_1)
FNDA:2,(anonymous_2)
FNDA:0,(anonymous_3)
FNDA:2,(anonymous_4)
FNDA:0,(anonymous_5)
FNDA:0,(anonymous_6)
FNDA:0,(anonymous_7)
FNDA:0,(anonymous_8)
FNDA:0,(anonymous_9)
FNDA:0,(anonymous_10)
FNDA:0,(anonymous_11)
FNDA:0,(anonymous_12)
FNDA:0,(anonymous_13)
DA:1,2
DA:3,2
DA:4,2
DA:6,2
DA:7,2
DA:8,2
DA:9,2
DA:17,2
DA:18,2
DA:19,2
DA:20,2
DA:22,2
DA:24,2
DA:25,2
DA:26,1
DA:29,2
DA:30,2
DA:31,0
DA:32,0
DA:35,0
DA:36,0
DA:41,2
DA:42,0
DA:43,0
DA:44,0
DA:47,2
DA:48,0
DA:49,0
DA:51,0
DA:52,0
DA:56,2
DA:65,0
DA:73,0
DA:84,2
LF:34
LH:21
BRDA:25,0,0,1
BRDA:30,1,0,0
BRDA:43,2,0,0
BRDA:43,2,1,0
BRDA:51,3,0,0
BRDA:62,4,0,2
BRDA:62,4,1,0
BRDA:63,5,0,0
BRDA:63,5,1,2
BRDA:64,6,0,0
BRDA:64,6,1,0
BRDA:72,7,0,0
BRDA:72,7,1,2
BRDA:79,8,0,2
BRDA:79,8,1,0
BRF:15
BRH:5
end_of_record
TN:
SF:src/components/Layout/index.tsx
FN:8,(anonymous_1)
FNF:1
FNH:1
FNDA:1,(anonymous_1)
DA:2,1
DA:8,1
DA:9,1
DA:17,1
LF:4
LH:4
BRF:0
BRH:0
end_of_record
TN:
SF:src/components/LoadingSpinner/index.tsx
FN:4,(anonymous_0)
FNF:1
FNH:1
FNDA:2,(anonymous_0)
DA:2,1
DA:4,1
DA:5,2
DA:12,1
LF:4
LH:4
BRF:0
BRH:0
end_of_record
TN:
SF:src/components/Toast/index.tsx
FN:9,(anonymous_0)
FN:12,(anonymous_1)
FN:15,(anonymous_2)
FN:19,(anonymous_3)
FNF:4
FNH:3
FNDA:2,(anonymous_0)
FNDA:1,(anonymous_1)
FNDA:0,(anonymous_2)
FNDA:1,(anonymous_3)
DA:1,3
DA:2,3
DA:9,3
DA:10,2
DA:12,2
DA:13,1
DA:15,1
DA:16,0
DA:19,1
DA:20,1
DA:24,2
DA:25,1
DA:28,1
DA:35,3
LF:14
LH:13
BRDA:9,0,0,2
BRDA:24,1,0,1
BRF:2
BRH:2
end_of_record
