TN:
SF:src/components/Button/index.tsx
FN:11,(anonymous_0)
FNF:1
FNH:1
FNDA:18,(anonymous_0)
DA:2,5
DA:11,5
DA:12,18
DA:20,5
LF:4
LH:4
BRDA:13,0,0,1
BRDA:13,0,1,17
BRDA:14,1,0,18
BRDA:14,1,1,1
BRF:4
BRH:4
end_of_record
TN:
SF:src/components/CocktailCard/index.tsx
FN:15,(anonymous_1)
FN:22,(anonymous_2)
FN:24,(anonymous_3)
FN:27,(anonymous_4)
FN:29,(anonymous_5)
FN:33,(anonymous_6)
FN:39,(anonymous_7)
FN:40,(anonymous_8)
FN:45,(anonymous_9)
FN:46,(anonymous_10)
FN:47,(anonymous_11)
FN:62,(anonymous_12)
FN:64,(anonymous_13)
FNF:13
FNH:10
FNDA:15,(anonymous_1)
FNDA:10,(anonymous_2)
FNDA:6,(anonymous_3)
FNDA:11,(anonymous_4)
FNDA:0,(anonymous_5)
FNDA:1,(anonymous_6)
FNDA:1,(anonymous_7)
FNDA:0,(anonymous_8)
FNDA:2,(anonymous_9)
FNDA:1,(anonymous_10)
FNDA:0,(anonymous_11)
FNDA:1,(anonymous_12)
FNDA:2,(anonymous_13)
DA:1,4
DA:4,4
DA:5,4
DA:6,4
DA:7,4
DA:15,4
DA:16,15
DA:17,15
DA:18,15
DA:20,15
DA:22,15
DA:23,10
DA:24,6
DA:27,15
DA:28,11
DA:29,1
DA:30,0
DA:33,1
DA:34,1
DA:39,15
DA:40,1
DA:41,0
DA:42,1
DA:45,15
DA:46,2
DA:47,1
DA:49,2
DA:50,1
DA:54,15
DA:62,1
DA:64,2
DA:70,4
LF:32
LH:30
BRDA:23,0,0,4
BRDA:28,1,0,1
BRDA:41,2,0,0
BRDA:41,2,1,0
BRDA:49,3,0,1
BRDA:60,4,0,3
BRDA:60,4,1,12
BRDA:61,5,0,2
BRDA:61,5,1,13
BRDA:62,6,0,0
BRDA:62,6,1,2
BRDA:64,7,0,10
BRDA:64,7,1,5
BRDA:65,8,0,15
BRDA:65,8,1,1
BRF:15
BRH:12
end_of_record
TN:
SF:src/components/CocktailGrid/index.tsx
FN:14,(anonymous_1)
FN:18,(anonymous_2)
FN:26,(anonymous_3)
FN:31,(anonymous_4)
FNF:4
FNH:2
FNDA:2,(anonymous_1)
FNDA:0,(anonymous_2)
FNDA:4,(anonymous_3)
FNDA:0,(anonymous_4)
DA:1,2
DA:2,2
DA:4,2
DA:5,2
DA:14,2
DA:15,2
DA:16,2
DA:18,2
DA:20,0
DA:21,0
DA:23,2
DA:27,4
DA:31,0
DA:40,2
LF:14
LH:11
BRDA:35,0,0,2
BRDA:35,0,1,0
BRF:2
BRH:1
end_of_record
TN:
SF:src/components/Header/index.tsx
FN:8,(anonymous_0)
FN:15,(anonymous_1)
FN:16,(anonymous_2)
FN:21,(anonymous_3)
FN:26,(anonymous_4)
FN:38,(anonymous_5)
FN:44,(anonymous_6)
FN:50,(anonymous_7)
FNF:8
FNH:4
FNDA:1,(anonymous_0)
FNDA:1,(anonymous_1)
FNDA:0,(anonymous_2)
FNDA:1,(anonymous_3)
FNDA:3,(anonymous_4)
FNDA:0,(anonymous_5)
FNDA:0,(anonymous_6)
FNDA:0,(anonymous_7)
DA:1,1
DA:2,1
DA:4,1
DA:5,1
DA:8,1
DA:9,1
DA:10,1
DA:11,1
DA:12,1
DA:15,1
DA:16,1
DA:17,0
DA:20,1
DA:21,1
DA:22,1
DA:26,1
DA:27,3
DA:30,1
DA:38,0
DA:44,0
DA:50,0
DA:59,1
LF:22
LH:18
BRDA:31,0,0,0
BRDA:31,0,1,1
BRDA:37,1,0,1
BRDA:37,1,1,0
BRDA:43,2,0,0
BRDA:43,2,1,1
BRDA:49,3,0,0
BRDA:49,3,1,1
BRF:8
BRH:4
end_of_record
TN:
SF:src/components/Layout/index.tsx
FN:8,(anonymous_1)
FNF:1
FNH:1
FNDA:5,(anonymous_1)
DA:2,3
DA:8,3
DA:9,5
DA:17,3
LF:4
LH:4
BRF:0
BRH:0
end_of_record
TN:
SF:src/components/LoadingSpinner/index.tsx
FN:4,(anonymous_0)
FNF:1
FNH:1
FNDA:2,(anonymous_0)
DA:2,1
DA:4,1
DA:5,2
DA:12,1
LF:4
LH:4
BRF:0
BRH:0
end_of_record
TN:
SF:src/components/Toast/index.tsx
FN:9,(anonymous_0)
FN:12,(anonymous_1)
FN:15,(anonymous_2)
FN:19,(anonymous_3)
FNF:4
FNH:3
FNDA:4,(anonymous_0)
FNDA:2,(anonymous_1)
FNDA:0,(anonymous_2)
FNDA:2,(anonymous_3)
DA:1,5
DA:2,5
DA:9,5
DA:10,4
DA:12,4
DA:13,2
DA:15,2
DA:16,0
DA:19,2
DA:20,2
DA:24,4
DA:25,2
DA:28,2
DA:35,5
LF:14
LH:13
BRDA:9,0,0,4
BRDA:24,1,0,2
BRF:2
BRH:2
end_of_record
TN:
SF:src/pages/Favorites/index.tsx
FN:7,(anonymous_1)
FNF:1
FNH:1
FNDA:2,(anonymous_1)
DA:2,1
DA:3,1
DA:5,1
DA:7,1
DA:9,2
DA:10,2
DA:19,1
LF:7
LH:7
BRDA:13,0,0,2
BRDA:13,0,1,0
BRF:2
BRH:1
end_of_record
TN:
SF:src/pages/Home/index.tsx
FN:10,(anonymous_1)
FN:12,(anonymous_2)
FN:23,(anonymous_3)
FN:47,(anonymous_4)
FNF:4
FNH:2
FNDA:2,(anonymous_1)
FNDA:2,(anonymous_2)
FNDA:0,(anonymous_3)
FNDA:0,(anonymous_4)
DA:2,1
DA:4,1
DA:5,1
DA:6,1
DA:7,1
DA:8,1
DA:10,1
DA:12,2
DA:13,2
DA:20,2
DA:21,2
DA:23,2
DA:24,0
DA:25,0
DA:28,2
DA:29,2
DA:32,2
DA:33,0
DA:36,2
DA:37,0
DA:41,2
DA:44,2
DA:47,0
DA:53,1
LF:24
LH:19
BRDA:28,0,0,2
BRDA:32,1,0,0
BRDA:36,2,0,0
BRDA:36,2,1,2
BRF:4
BRH:2
end_of_record
TN:
SF:src/services/cocktail-db-api.ts
FN:17,(anonymous_1)
FN:18,(anonymous_2)
FN:28,(anonymous_3)
FN:36,(anonymous_4)
FN:44,(anonymous_5)
FN:51,(anonymous_6)
FNF:6
FNH:1
FNDA:0,(anonymous_1)
FNDA:0,(anonymous_2)
FNDA:1,(anonymous_3)
FNDA:0,(anonymous_4)
FNDA:0,(anonymous_5)
FNDA:0,(anonymous_6)
DA:1,1
DA:6,1
DA:7,1
DA:9,1
DA:16,1
DA:17,0
DA:19,0
DA:20,0
DA:28,1
DA:29,1
DA:37,0
DA:45,0
DA:51,1
DA:52,0
DA:53,0
LF:15
LH:8
BRF:0
BRH:0
end_of_record
